<?xml version="1.0" encoding="UTF-8"?>
<testng-results ignored="0" total="1" passed="1" failed="0" skipped="0">
  <reporter-output>
  </reporter-output>
  <suite started-at="2018-08-13T01:18:02Z" name="Default suite" finished-at="2018-08-13T01:18:20Z" duration-ms="18246">
    <groups>
    </groups>
    <test started-at="2018-08-13T01:18:02Z" name="Default test" finished-at="2018-08-13T01:18:20Z" duration-ms="18246">
      <class name="dropDown.Assert_DropDown_fb">
        <test-method is-config="true" signature="invokeBrowser()[pri:0, instance:dropDown.Assert_DropDown_fb@32ee6fee]" started-at="2018-08-13T01:18:02Z" name="invokeBrowser" finished-at="2018-08-13T01:18:15Z" duration-ms="13468" status="PASS">
          <reporter-output>
          </reporter-output>
        </test-method> <!-- invokeBrowser -->
        <test-method signature="SelectDDValues()[pri:0, instance:dropDown.Assert_DropDown_fb@32ee6fee]" started-at="2018-08-13T01:18:15Z" name="SelectDDValues" finished-at="2018-08-13T01:18:17Z" duration-ms="1554" status="PASS">
          <reporter-output>
          </reporter-output>
        </test-method> <!-- SelectDDValues -->
        <test-method is-config="true" signature="closeBrowser()[pri:0, instance:dropDown.Assert_DropDown_fb@32ee6fee]" started-at="2018-08-13T01:18:17Z" name="closeBrowser" finished-at="2018-08-13T01:18:20Z" duration-ms="3199" status="PASS">
          <reporter-output>
          </reporter-output>
        </test-method> <!-- closeBrowser -->
      </class> <!-- dropDown.Assert_DropDown_fb -->
    </test> <!-- Default test -->
  </suite> <!-- Default suite -->
</testng-results>
